#
# A fatal error has been detected by the Java Runtime Environment:
#
#  EXCEPTION_ACCESS_VIOLATION (0xc0000005) at pc=0x00007ff8b5c64f03, pid=3868, tid=12280
#
# JRE version:  (11.0.12+7) (build )
# Java VM: OpenJDK 64-Bit Server VM (11.0.12+7, mixed mode, sharing, tiered, compressed oops, g1 gc, windows-amd64)
# Problematic frame:
# V  [jvm.dll+0x1d4f03]
#
# No core dump will be written. Minidumps are not enabled by default on client versions of Windows
#
#

---------------  S U M M A R Y ------------

Command Line: -Dfile.encoding=utf8 c:\Users\Dell\.vscode\extensions\vscjava.vscode-gradle-3.12.7\lib\gradle-language-server.jar

Host: Intel(R) Core(TM) i5-8250U CPU @ 1.60GHz, 8 cores, 15G,  Windows 10 , 64 bit Build 19041 (10.0.19041.2364)
Time: Wed May 24 22:31:13 2023 SE Asia Standard Time elapsed time: 0.115552 seconds (0d 0h 0m 0s)

---------------  T H R E A D  ---------------

Current thread (0x000001ac44491000):  JavaThread "Unknown thread" [_thread_in_vm, id=12280, stack(0x000000186ac00000,0x000000186ad00000)]

Stack: [0x000000186ac00000,0x000000186ad00000],  sp=0x000000186acfef40,  free space=1019k
Native frames: (J=compiled Java code, j=interpreted, Vv=VM code, C=native code)
V  [jvm.dll+0x1d4f03]
V  [jvm.dll+0x1d3043]
V  [jvm.dll+0x35a33b]
V  [jvm.dll+0x750710]
V  [jvm.dll+0x3c1f8f]
V  [jvm.dll+0x3c4461]
C  [jli.dll+0x5207]
C  [ucrtbase.dll+0x21bb2]
C  [KERNEL32.DLL+0x17614]
C  [ntdll.dll+0x526a1]


siginfo: EXCEPTION_ACCESS_VIOLATION (0xc0000005), reading address 0x0000000000000000


Registers:
RAX=0x000003a7b3559c58, RBX=0x0000000000000000, RCX=0x0000000000000000, RDX=0x0000000000000000
RSP=0x000000186acfef40, RBP=0x0000000000000000, RSI=0x000001ac44491000, RDI=0x0000000000000000
R8 =0x0000000000000000, R9 =0x0000000000000000, R10=0x0000000000000000, R11=0x000000186acfecf0
R12=0x0000000000000000, R13=0x00007ff8b6043b10, R14=0x000001ac42290268, R15=0x000000186acffc88
RIP=0x00007ff8b5c64f03, EFLAGS=0x0000000000010256

Top of Stack: (sp=0x000000186acfef40)
0x000000186acfef40:   000001ac42297350 00007ff8b5d59a28
0x000000186acfef50:   000000186acffc88 0000000000000400
0x000000186acfef60:   0000000000000000 000001ac44491000
0x000000186acfef70:   000070727aa4706c 00007ff8b6043b10
0x000000186acfef80:   000000186acff060 000000186acffc88
0x000000186acfef90:   000001ac42290268 00007ff8b6043b10
0x000000186acfefa0:   0000000000000000 00007ff8edcc0000
0x000000186acfefb0:   00007ff8b630bdf8 0000000000000000
0x000000186acfefc0:   00007ff8b5c62eea 00007ff918cf55fc
0x000000186acfefd0:   000000186acff060 0000000000000001
0x000000186acfefe0:   000003a7b3559c58 000001ac42290268
0x000000186acfeff0:   00007ff800000000 00007ff8b6043b10
0x000000186acff000:   000001ac44491000 000000186acff120
0x000000186acff010:   0000000000000000 00007ff8b5c63043
0x000000186acff020:   00007ff905950000 00007ff8edcccfc0
0x000000186acff030:   000000186acff120 000001ac44491000 

Instructions: (pc=0x00007ff8b5c64f03)
0x00007ff8b5c64e03:   f0 ff 15 96 fa 5e 00 48 8b cb 41 b1 01 48 2b 8c
0x00007ff8b5c64e13:   24 90 00 00 00 45 33 c0 33 d2 c6 04 31 00 48 8b
0x00007ff8b5c64e23:   ce e8 a7 0b 00 00 42 80 3c 33 3b 4a 8d 3c 33 75
0x00007ff8b5c64e33:   1c 0f 1f 40 00 0f 1f 84 00 00 00 00 00 48 ff c3
0x00007ff8b5c64e43:   ff c5 42 80 3c 33 3b 4a 8d 3c 33 74 f0 49 83 3c
0x00007ff8b5c64e53:   24 00 74 18 48 8b 94 24 98 00 00 00 49 8b cf e8
0x00007ff8b5c64e63:   89 db ee ff 49 8b cc e8 f1 da ee ff 48 8b 44 24
0x00007ff8b5c64e73:   20 48 8d 4c 24 30 49 89 47 18 48 8b 44 24 28 49
0x00007ff8b5c64e83:   89 47 20 4d 89 67 10 e8 91 55 0f 00 44 8b ed 48
0x00007ff8b5c64e93:   89 9c 24 90 00 00 00 48 3b 5c 24 38 0f 8c cd fe
0x00007ff8b5c64ea3:   ff ff 4c 8b 7c 24 40 4c 8b 64 24 48 48 8b 7c 24
0x00007ff8b5c64eb3:   50 48 8b 74 24 58 48 8b 9c 24 80 00 00 00 48 83
0x00007ff8b5c64ec3:   c4 60 41 5e 41 5d 5d c3 cc cc cc cc cc 40 53 55
0x00007ff8b5c64ed3:   56 41 55 48 81 ec b8 00 00 00 48 8b 05 24 40 88
0x00007ff8b5c64ee3:   00 48 33 c4 48 89 84 24 a0 00 00 00 48 8b e9 48
0x00007ff8b5c64ef3:   c7 c3 ff ff ff ff 0f 1f 80 00 00 00 00 48 ff c3
0x00007ff8b5c64f03:   80 3c 0b 00 75 f7 33 f6 c6 44 24 30 01 40 38 35
0x00007ff8b5c64f13:   f4 6e 8b 00 74 17 40 38 35 d1 d4 8a 00 75 0e 33
0x00007ff8b5c64f23:   d2 48 8d 0d f5 6c 6a 00 e8 b0 ff 19 00 45 33 ed
0x00007ff8b5c64f33:   85 db 0f 8e 11 02 00 00 48 89 bc 24 e8 00 00 00
0x00007ff8b5c64f43:   48 8b fd 4c 89 a4 24 f0 00 00 00 48 63 c3 33 db
0x00007ff8b5c64f53:   4c 89 b4 24 f8 00 00 00 4c 89 bc 24 b0 00 00 00
0x00007ff8b5c64f63:   48 89 44 24 68 48 89 74 24 40 0f 1f 00 0f b6 07
0x00007ff8b5c64f73:   84 c0 74 12 3c 3b 74 0e 0f b6 44 2b 01 48 ff c3
0x00007ff8b5c64f83:   ff c6 84 c0 75 ee 48 8d 54 24 38 48 c7 44 24 38
0x00007ff8b5c64f93:   00 00 00 00 48 8d 4c 24 60 e8 ff 53 0f 00 48 8b
0x00007ff8b5c64fa3:   44 24 38 33 d2 4c 8b b0 78 02 00 00 49 8b 46 18
0x00007ff8b5c64fb3:   4d 8b 66 10 48 89 44 24 50 49 8b 46 20 48 89 44
0x00007ff8b5c64fc3:   24 58 49 8b 46 28 48 89 44 24 48 8b c6 41 2b c5
0x00007ff8b5c64fd3:   48 63 f8 48 8d 4f 01 e8 d1 18 49 00 49 63 d5 4c
0x00007ff8b5c64fe3:   8b c7 48 03 d5 48 8b c8 4c 8b f8 ff 15 ac f8 5e
0x00007ff8b5c64ff3:   00 48 8b cb 48 2b 4c 24 40 80 7c 24 30 00 42 c6 



---------------  P R O C E S S  ---------------

Threads class SMR info:
_java_thread_list=0x000001ac42290370, length=0, elements={
}

Java Threads: ( => current thread )

Other Threads:

=>0x000001ac44491000 (exited) JavaThread "Unknown thread" [_thread_in_vm, id=12280, stack(0x000000186ac00000,0x000000186ad00000)]

Threads with active compile tasks:

VM state:not at safepoint (not fully initialized)

VM Mutex/Monitor currently owned by a thread: None


[error occurred during error reporting (printing compressed oops mode), id 0xc0000005, EXCEPTION_ACCESS_VIOLATION (0xc0000005) at pc=0x00007ff8b61fe3f7]

Deoptimization events (0 events):
No events

Classes redefined (0 events):
No events

Internal exceptions (0 events):
No events

Events (1 events):
Event: 0.023 Loaded shared library C:\Program Files\Microsoft\jdk-11.0.12.7-hotspot\bin\zip.dll


Dynamic libraries:
0x00007ff744910000 - 0x00007ff74491d000 	C:\Program Files\Microsoft\jdk-11.0.12.7-hotspot\bin\java.exe
0x00007ff91b2f0000 - 0x00007ff91b4e8000 	C:\Windows\SYSTEM32\ntdll.dll
0x00007ff919890000 - 0x00007ff91994f000 	C:\Windows\System32\KERNEL32.DLL
0x00007ff918cf0000 - 0x00007ff918fc2000 	C:\Windows\System32\KERNELBASE.dll
0x00007ff9189e0000 - 0x00007ff918ae0000 	C:\Windows\System32\ucrtbase.dll
0x00007ff911160000 - 0x00007ff911177000 	C:\Program Files\Microsoft\jdk-11.0.12.7-hotspot\bin\jli.dll
0x00007ff91a950000 - 0x00007ff91aaf1000 	C:\Windows\System32\USER32.dll
0x00007ff918cc0000 - 0x00007ff918ce2000 	C:\Windows\System32\win32u.dll
0x00007ff919860000 - 0x00007ff91988b000 	C:\Windows\System32\GDI32.dll
0x00007ff918bb0000 - 0x00007ff918cbf000 	C:\Windows\System32\gdi32full.dll
0x00007ff918b10000 - 0x00007ff918bad000 	C:\Windows\System32\msvcp_win.dll
0x00007ff90ed90000 - 0x00007ff90eda5000 	C:\Program Files\Microsoft\jdk-11.0.12.7-hotspot\bin\VCRUNTIME140.dll
0x00007ff904800000 - 0x00007ff904a9a000 	C:\Windows\WinSxS\amd64_microsoft.windows.common-controls_6595b64144ccf1df_6.0.19041.1110_none_60b5254171f9507e\COMCTL32.dll
0x00007ff91ab40000 - 0x00007ff91abde000 	C:\Windows\System32\msvcrt.dll
0x00007ff91ab00000 - 0x00007ff91ab32000 	C:\Windows\System32\IMM32.DLL
0x00007ff8e2430000 - 0x00007ff8e24cb000 	C:\Program Files\Microsoft\jdk-11.0.12.7-hotspot\bin\msvcp140.dll
0x00007ff8b5a90000 - 0x00007ff8b65f1000 	C:\Program Files\Microsoft\jdk-11.0.12.7-hotspot\bin\server\jvm.dll
0x00007ff91a700000 - 0x00007ff91a7ae000 	C:\Windows\System32\ADVAPI32.dll
0x00007ff919740000 - 0x00007ff9197dc000 	C:\Windows\System32\sechost.dll
0x00007ff91a820000 - 0x00007ff91a945000 	C:\Windows\System32\RPCRT4.dll
0x00007ff919e30000 - 0x00007ff919e38000 	C:\Windows\System32\PSAPI.DLL
0x00007ff9004e0000 - 0x00007ff9004e9000 	C:\Windows\SYSTEM32\WSOCK32.dll
0x00007ff91abe0000 - 0x00007ff91ac4b000 	C:\Windows\System32\WS2_32.dll
0x00007ff902e60000 - 0x00007ff902e87000 	C:\Windows\SYSTEM32\WINMM.dll
0x00007ff912830000 - 0x00007ff91283a000 	C:\Windows\SYSTEM32\VERSION.dll
0x00007ff916a80000 - 0x00007ff916a92000 	C:\Windows\SYSTEM32\kernel.appcore.dll
0x00007ff90b840000 - 0x00007ff90b850000 	C:\Program Files\Microsoft\jdk-11.0.12.7-hotspot\bin\verify.dll
0x00007ff9165f0000 - 0x00007ff9167d4000 	C:\Windows\SYSTEM32\DBGHELP.DLL
0x00007ff900f90000 - 0x00007ff900fc5000 	C:\Windows\SYSTEM32\dbgcore.DLL
0x00007ff9191a0000 - 0x00007ff919222000 	C:\Windows\System32\bcryptPrimitives.dll
0x00007ff8edcc0000 - 0x00007ff8edce8000 	C:\Program Files\Microsoft\jdk-11.0.12.7-hotspot\bin\java.dll
0x00007ff90b830000 - 0x00007ff90b83a000 	C:\Program Files\Microsoft\jdk-11.0.12.7-hotspot\bin\jimage.dll
0x00007ff905950000 - 0x00007ff905967000 	C:\Program Files\Microsoft\jdk-11.0.12.7-hotspot\bin\zip.dll

dbghelp: loaded successfully - version: 4.0.5 - missing functions: none
symbol engine: initialized successfully - sym options: 0x614 - pdb path: .;C:\Program Files\Microsoft\jdk-11.0.12.7-hotspot\bin;C:\Windows\SYSTEM32;C:\Windows\WinSxS\amd64_microsoft.windows.common-controls_6595b64144ccf1df_6.0.19041.1110_none_60b5254171f9507e;C:\Program Files\Microsoft\jdk-11.0.12.7-hotspot\bin\server

VM Arguments:
jvm_args: -Dfile.encoding=utf8 
java_command: c:\Users\Dell\.vscode\extensions\vscjava.vscode-gradle-3.12.7\lib\gradle-language-server.jar
java_class_path (initial): c:\Users\Dell\.vscode\extensions\vscjava.vscode-gradle-3.12.7\lib\gradle-language-server.jar
Launcher Type: SUN_STANDARD

[Global flags]
     uint G1ConcRefinementThreads                  = 8                                         {product} {ergonomic}
    uintx GCDrainStackTargetSize                   = 64                                        {product} {ergonomic}
   size_t InitialHeapSize                          = 265654272                                 {product} {ergonomic}
   size_t MaxHeapSize                              = 4250468352                                {product} {ergonomic}
    uintx ReservedCodeCacheSize                    = 251658240                              {pd product} {ergonomic}
     bool SegmentedCodeCache                       = true                                      {product} {ergonomic}
     bool UseCompressedClassPointers               = true                                 {lp64_product} {ergonomic}
     bool UseCompressedOops                        = true                                 {lp64_product} {ergonomic}
     bool UseG1GC                                  = true                                      {product} {ergonomic}
     bool UseLargePagesIndividualAllocation        = false                                  {pd product} {ergonomic}

Logging:
Log output configuration:
 #0: stdout all=warning uptime,level,tags
 #1: stderr all=off uptime,level,tags

Environment Variables:
PATH=C:\Program Files\Common Files\Oracle\Java\javapath;C:\Program Files (x86)\Common Files\Oracle\Java\javapath;C:\Program Files\Microsoft\jdk-11.0.12.7-hotspot\bin;C:\Windows\system32;C:\Windows;C:\Windows\System32\Wbem;C:\Windows\System32\WindowsPowerShell\v1.0\;C:\Windows\System32\OpenSSH\;C:\Program Files\Microsoft SQL Server\150\Tools\Binn\;C:\Program Files\Microsoft SQL Server\Client SDK\ODBC\170\Tools\Binn\;C:\Program Files\dotnet\;E:\xampp_1\php;C:\composer;C:\Program Files\Git\cmd;C:\make-3.79;C:\ProgramData\chocolatey\bin;C:\Program Files\nodejs\;C:\Users\Dell\AppData\Local\Programs\Python\Python311\Scripts\;C:\Users\Dell\AppData\Local\Programs\Python\Python311\;C:\Users\Dell\AppData\Local\Microsoft\WindowsApps;C:\Users\Dell\AppData\Local\Programs\Microsoft VS Code\bin;C:\Users\Dell\AppData\Local\GitHubDesktop\bin;C:\MinGW\bin;C:\Users\Dell\.dotnet\tools;C:\Program Files\Java\jre1.8.0_331\bin;C:\Program Files\Java\jdk-18.0.1.1\bin;C:\Users\Dell\AppData\Roaming\npm\node_modules\yarn;C:\Users\Dell\AppData\Roaming\Composer\vendor\bin;C:\MinGW\include;C:\MinGW\mingw32\bin;C:\MinGW\mingw32\include;C:\MinGW\mingw32\lib;C:\SDL2-2.26.4\lib\x64;C:\SDL2-2.26.4\include;C:\Users\Dell\AppData\Roaming\npm;
USERNAME=Dell
OS=Windows_NT
PROCESSOR_IDENTIFIER=Intel64 Family 6 Model 142 Stepping 10, GenuineIntel



---------------  S Y S T E M  ---------------

OS: Windows 10 , 64 bit Build 19041 (10.0.19041.2364)
OS uptime: 6 days 1:30 hours

CPU:total 8 (initial active 8) 

Memory: 4k page, system-wide physical 16214M (3694M free)
TotalPageFile size 19766M (AvailPageFile size 2513M)
current process WorkingSet (physical memory assigned to process): 8M, peak: 8M
current process commit charge ("private bytes"): 3M, peak: 3M

vm_info: OpenJDK 64-Bit Server VM (11.0.12+7) for windows-amd64 JRE (11.0.12+7), built on Jul 21 2021 15:41:43 by "" with unknown MS VC++:1916

END.
